build/app/outputs/mapping/release/seeds.txt
com.example.EaRise.MainActivity
com.example.EaRise.MainActivity: MainActivity()
...
com.google.android.recaptcha.internal.zzn: com.google.android.recaptcha.internal.zzn zzf
com.google.android.recaptcha.internal.zzbx: com.google.android.recaptcha.internal.zzca zzd
com.google.android.gms.internal.fido.zzba: java.util.Map$Entry[] zza
com.google.protobuf.Timestamp: int SECONDS_FIELD_NUMBER
com.google.android.gms.internal.firebase-auth-api.zzamm: long zzs
com.google.android.recaptcha.internal.zzn: com.google.android.recaptcha.internal.zzn zzj
com.google.android.gms.internal.firebase-auth-api.zzjf: com.google.android.gms.internal.firebase-auth-api.zzxv zza
com.google.android.gms.internal.measurement.zzfu$zzi: com.google.android.gms.internal.measurement.zzfu$zzi zzc
com.google.android.recaptcha.internal.zzmu: java.lang.String zzh
com.google.android.gms.internal.firebase-auth-api.zzld: byte[] zza
com.google.android.gms.internal.measurement.zzfi$zzb: com.google.android.gms.internal.measurement.zzlr zzd
com.google.android.gms.internal.firebase-auth-api.zzwk: com.google.android.gms.internal.firebase-auth-api.zzdz zza
com.google.android.gms.internal.firebase-auth-api.zztv: int zzf
com.google.android.recaptcha.internal.zzmu: java.lang.String zze
com.google.android.gms.internal.firebase-auth-api.zzwl: byte[] zzi
com.google.android.gms.internal.firebase-auth-api.zzry: int zzf
com.google.android.recaptcha.internal.zznr: int zzd
com.google.android.recaptcha.internal.zzch: com.google.android.recaptcha.internal.zzcg zza
com.google.android.gms.internal.measurement.zzes: com.google.android.gms.internal.measurement.zzde zzc
com.google.android.gms.internal.firebase-auth-api.zzpw: com.google.android.gms.internal.firebase-auth-api.zzqf zza
androidx.window.embedding.EmbeddingTranslatingCallback: androidx.window.embedding.EmbeddingInterfaceCompat$EmbeddingCallbackInterface callback
com.google.android.recaptcha.internal.zzea: long zza
com.google.android.gms.internal.firebase-auth-api.zzzc: com.google.android.gms.internal.firebase-auth-api.zzyl zzb
com.google.android.recaptcha.internal.zzog: java.lang.String zzf
com.google.android.gms.internal.firebase-auth-api.zzsn: com.google.android.gms.internal.firebase-auth-api.zzsr zzg
com.google.android.recaptcha.internal.zzoe: com.google.android.recaptcha.internal.zzgw zzl
com.google.android.gms.internal.measurement.zzfo$zzf: com.google.android.gms.internal.measurement.zzlr zzd
com.google.android.recaptcha.internal.zzha: int zzk
com.google.android.recaptcha.internal.zznf: java.lang.String zzj
com.google.android.gms.internal.measurement.zzfi$zzb: boolean zzi
com.google.android.recaptcha.internal.zzot: java.lang.String zzd
com.google.android.gms.internal.firebase-auth-api.zzta: com.google.android.gms.internal.firebase-auth-api.zzta zzc
com.google.android.play.core.integrity.e: java.lang.Long b
com.google.android.recaptcha.internal.zzik: com.google.android.recaptcha.internal.zzik zzn
com.google.android.gms.internal.firebase-auth-api.zzacz: boolean zzz
com.google.android.gms.internal.firebase-auth-api.zzagq: android.os.Parcelable$Creator CREATOR
com.google.android.gms.internal.firebase-auth-api.zzwa: java.lang.ThreadLocal zzc
com.google.android.recaptcha.internal.zzbb: java.lang.String zze
com.google.android.gms.internal.firebase-auth-api.zzafv: java.lang.String zzd
com.google.android.gms.internal.fido.zzh: com.google.android.gms.internal.fido.zzdp zzu
com.google.android.exoplayer2.metadata.id3.TextInformationFrame: android.os.Parcelable$Creator CREATOR
com.google.android.gms.internal.firebase-auth-api.zzaiw: int[] zzb
com.google.android.gms.internal.measurement.zzfu$zzk: com.google.android.gms.internal.measurement.zzlr zzd
com.google.android.gms.measurement.internal.zzna: android.os.Parcelable$Creator CREATOR
com.google.android.gms.internal.measurement.zzfu$zzh: com.google.android.gms.internal.measurement.zzfu$zzh zzc
com.google.android.gms.internal.auth.zzej: int zzb
io.flutter.embedding.engine.FlutterJNI: java.util.Set engineLifecycleListeners