build/app/outputs/mapping/release/usage.txt
com.example.EaRise.BuildConfig
com.example.EaRise.R$anim
com.example.EaRise.R$animator
com.example.EaRise.R$attr
com.example.EaRise.R$bool
com.example.EaRise.R$color
com.example.EaRise.R$dimen
com.example.EaRise.R$drawable
com.example.EaRise.R$id
com.example.EaRise.R$integer
com.example.EaRise.R$interpolator
com.example.EaRise.R$layout
com.example.EaRise.R$mipmap
com.example.EaRise.R$raw
com.example.EaRise.R$string
com.example.EaRise.R$style
com.example.EaRise.R$styleable
com.example.EaRise.R$xml
com.example.EaRise.R
...
com.google.android.exoplayer2.text.ttml.TtmlStyle:
    public static final int FONT_SIZE_UNIT_EM
    public static final int FONT_SIZE_UNIT_PERCENT
    public static final int FONT_SIZE_UNIT_PIXEL
    private static final int OFF
    private static final int ON
    public static final int RUBY_TYPE_BASE
    public static final int RUBY_TYPE_CONTAINER
    public static final int RUBY_TYPE_DELIMITER
    public static final int RUBY_TYPE_TEXT
    public static final int STYLE_BOLD
    public static final int STYLE_BOLD_ITALIC
    public static final int STYLE_ITALIC
    public static final int STYLE_NORMAL
    public static final int UNSPECIFIED
    public static final float UNSPECIFIED_SHEAR
    public com.google.android.exoplayer2.text.ttml.TtmlStyle inherit(com.google.android.exoplayer2.text.ttml.TtmlStyle)
com.google.android.exoplayer2.text.ttml.TtmlSubtitle:
    java.util.Map getGlobalStyles()
    com.google.android.exoplayer2.text.ttml.TtmlNode getRoot()
com.google.android.exoplayer2.text.ttml.package-info
com.google.android.exoplayer2.text.tx3g.Tx3gDecoder:
    private static final int DEFAULT_COLOR
    private static final int DEFAULT_FONT_FACE
    private static final java.lang.String DEFAULT_FONT_FAMILY
    private static final float DEFAULT_VERTICAL_PLACEMENT
    private static final int FONT_FACE_BOLD
    private static final int FONT_FACE_ITALIC
    private static final int FONT_FACE_UNDERLINE
    private static final int SIZE_ATOM_HEADER
    private static final int SIZE_SHORT
    private static final int SIZE_STYLE_RECORD
    private static final int SPAN_PRIORITY_HIGH
    private static final int SPAN_PRIORITY_LOW
    private static final java.lang.String TAG
    private static final java.lang.String TX3G_SERIF
    private static final int TYPE_STYL
    private static final int TYPE_TBOX
com.google.android.exoplayer2.text.tx3g.package-info
com.google.android.exoplayer2.text.webvtt.Mp4WebvttDecoder:
    private static final int BOX_HEADER_SIZE
    private static final int TYPE_payl
    private static final int TYPE_sttg
    private static final int TYPE_vttc
com.google.android.exoplayer2.text.webvtt.WebvttCssParser:
    private static final java.lang.String PROPERTY_BGCOLOR
    private static final java.lang.String PROPERTY_COLOR
    private static final java.lang.String PROPERTY_FONT_FAMILY
    private static final java.lang.String PROPERTY_FONT_SIZE
    private static final java.lang.String PROPERTY_FONT_STYLE
    private static final java.lang.String PROPERTY_FONT_WEIGHT
    private static final java.lang.String PROPERTY_RUBY_POSITION
    private static final java.lang.String PROPERTY_TEXT_COMBINE_UPRIGHT
    private static final java.lang.String PROPERTY_TEXT_DECORATION
    private static final java.lang.String RULE_END
    private static final java.lang.String RULE_START
    private static final java.lang.String TAG
    private static final java.lang.String VALUE_ALL
    private static final java.lang.String VALUE_BOLD
    private static final java.lang.String VALUE_DIGITS
    private static final java.lang.String VALUE_ITALIC
    private static final java.lang.String VALUE_OVER
    private static final java.lang.String VALUE_UNDER
    private static final java.lang.String VALUE_UNDERLINE
com.google.android.exoplayer2.text.webvtt.WebvttCssStyle$FontSizeUnit
com.google.android.exoplayer2.text.webvtt.WebvttCssStyle$StyleFlags
com.google.android.exoplayer2.text.webvtt.WebvttCssStyle:
    public static final int FONT_SIZE_UNIT_EM
    public static final int FONT_SIZE_UNIT_PERCENT
    public static final int FONT_SIZE_UNIT_PIXEL
    private static final int OFF
    private static final int ON
    public static final int STYLE_BOLD
    public static final int STYLE_BOLD_ITALIC
    public static final int STYLE_ITALIC
    public static final int STYLE_NORMAL
    public static final int UNSPECIFIED
    public com.google.android.exoplayer2.text.webvtt.WebvttCssStyle setLinethrough(boolean)